{"id":"1759448049267","type":"ack"}
{"id":"1759448049269","type":"ack"}
{"id":"1759448049270","type":"ack"}
{"id":"1759448049270","type":"ack"}
{"id":"1759448049270","type":"ack"}
{"id":"1759448049270","type":"ack"}
{"id":"1759448049270","type":"ack"}
{"id":"1759448049270","type":"ack"}
{"id":"1759448049270","type":"ack"}
{"id":"1759448049270","type":"ack"}
{"id":"1759448049270","type":"ack"}
{"id":"1759448049270","type":"ack"}
{"id":"1759448049271","type":"ack"}
{"id":"1759448049271","type":"ack"}
{"id":"1759448049271","type":"ack"}
{"id":"1759448049271","type":"ack"}
{"id":"1759448049272","type":"ack"}
{"id":"1759448049272","type":"ack"}
{"id":"1759448049272","type":"ack"}
{"id":"1759448049272","type":"ack"}
{"id":"1759448049272","type":"ack"}
{"id":"1759448049272","type":"ack"}
{"id":"1759448049272","type":"ack"}
{"id":"1759448049272","type":"ack"}
{"id":"1759448049272","type":"ack"}
{"id":"1759448049272","type":"ack"}
{"id":"1759448049272","type":"ack"}
{"id":"1759448049272","type":"ack"}
{"id":"1759448049272","type":"ack"}
{"id":"1759448049272","type":"ack"}
{"id":"1759448049272","type":"ack"}
{"id":"1759448049272","type":"ack"}
{"id":"1759448049272","type":"ack"}
{"id":"1759448049272","type":"ack"}
{"id":"1759448049273","type":"ack"}
{"id":"1759448049273","type":"ack"}
{"id":"1759448049273","type":"ack"}
{"id":"1759448049273","type":"ack"}
{"id":"1759448049273","type":"ack"}
{"id":"1759448049273","type":"ack"}
{"id":"1759448049273","type":"ack"}
{"id":"1759448049273","type":"ack"}
{"id":"1759448049273","type":"ack"}
{"id":"1759448049273","type":"ack"}
{"id":"1759448049273","type":"ack"}
{"topic":"/market/level2:SOL-USDT","type":"message","subject":"trade.l2update","data":{"changes":{"asks":[],"bids":[["234.47","43.749","15565084103"]]},"sequenceEnd":15565084103,"sequenceStart":15565084103,"symbol":"SOL-USDT","time":1759448050727}}
{"topic":"/market/level2:BNB-USDT","type":"message","subject":"trade.l2update","data":{"changes":{"asks":[["1104.45","0","7532333927"]],"bids":[]},"sequenceEnd":7532333927,"sequenceStart":7532333927,"symbol":"BNB-USDT","time":1759448050727}}
{"topic":"/market/level2:BNB-USDT","type":"message","subject":"trade.l2update","data":{"changes":{"asks":[["1096.543","0","7532333928"]],"bids":[]},"sequenceEnd":7532333928,"sequenceStart":7532333928,"symbol":"BNB-USDT","time":1759448050727}}
{"topic":"/market/level2:DOGE-USDT","type":"message","subject":"trade.l2update","data":{"changes":{"asks":[["0.26179","19568.071","9385956473"]],"bids":[]},"sequenceEnd":9385956473,"sequenceStart":9385956473,"symbol":"DOGE-USDT","time":1759448050727}}
{"topic":"/market/level2:SOMI-USDT","type":"message","subject":"trade.l2update","data":{"changes":{"asks":[],"bids":[["0.8158","689.95","160252397"]]},"sequenceEnd":160252397,"sequenceStart":160252397,"symbol":"SOMI-USDT","time":1759448050727}}
{"topic":"/market/level2:SOL-USDT","type":"message","subject":"trade.l2update","data":{"changes":{"asks":[],"bids":[["234.47","23.749","15565084104"]]},"sequenceEnd":15565084104,"sequenceStart":15565084104,"symbol":"SOL-USDT","time":1759448050729}}
{"topic":"/market/level2:SOL-USDT","type":"message","subject":"trade.l2update","data":{"changes":{"asks":[],"bids":[["233.31","14.119","15565084105"]]},"sequenceEnd":15565084105,"sequenceStart":15565084105,"symbol":"SOL-USDT","time":1759448050729}}
{"topic":"/market/level2:BNB-USDT","type":"message","subject":"trade.l2update","data":{"changes":{"asks":[["1096.608","0","7532333929"]],"bids":[]},"sequenceEnd":7532333929,"sequenceStart":7532333929,"symbol":"BNB-USDT","time":1759448050729}}
{"topic":"/market/level2:ADA-USDT","type":"message","subject":"trade.l2update","data":{"changes":{"asks":[],"bids":[["0.8645","904.78","6211187331"]]},"sequenceEnd":6211187331,"sequenceStart":6211187331,"symbol":"ADA-USDT","time":1759448050729}}
{"topic":"/market/level2:ADA-USDT","type":"message","subject":"trade.l2update","data":{"changes":{"asks":[],"bids":[["0.8617","13.44","6211187332"]]},"sequenceEnd":6211187332,"sequenceStart":6211187332,"symbol":"ADA-USDT","time":1759448050729}}
{"topic":"/market/level2:ADA-USDT","type":"message","subject":"trade.l2update","data":{"changes":{"asks":[],"bids":[["0.8643","141.99","6211187333"]]},"sequenceEnd":6211187333,"sequenceStart":6211187333,"symbol":"ADA-USDT","time":1759448050729}}
{"id":"1759448049273","type":"ack"}
{"id":"1759448049273","type":"ack"}
{"id":"1759448049273","type":"ack"}
{"id":"1759448049273","type":"ack"}
{"id":"1759448049273","type":"ack"}
{"topic":"/market/level2:ZEN-USDT","type":"message","subject":"trade.l2update","data":{"changes":{"asks":[["9.785","74.9492","886759423"]],"bids":[]},"sequenceEnd":886759423,"sequenceStart":886759423,"symbol":"ZEN-USDT","time":1759448050730}}
{"topic":"/market/level2:ADA-USDT","type":"message","subject":"trade.l2update","data":{"changes":{"asks":[],"bids":[["0.8646","135983.75","6211187334"]]},"sequenceEnd":6211187334,"sequenceStart":6211187334,"symbol":"ADA-USDT","time":1759448050730}}
{"topic":"/market/level2:ADA-USDT","type":"message","subject":"trade.l2update","data":{"changes":{"asks":[],"bids":[["0.8652","16524.38","6211187335"]]},"sequenceEnd":6211187335,"sequenceStart":6211187335,"symbol":"ADA-USDT","time":1759448050730}}
{"topic":"/market/level2:BNB-USDT","type":"message","subject":"trade.l2update","data":{"changes":{"asks":[],"bids":[["1076.487","0.5047","7532333930"]]},"sequenceEnd":7532333930,"sequenceStart":7532333930,"symbol":"BNB-USDT","time":1759448050730}}
{"topic":"/market/level2:ADA-USDT","type":"message","subject":"trade.l2update","data":{"changes":{"asks":[],"bids":[["0.8684","4282.05","6211187336"]]},"sequenceEnd":6211187336,"sequenceStart":6211187336,"symbol":"ADA-USDT","time":1759448050731}}
{"topic":"/market/level2:BNB-USDT","type":"message","subject":"trade.l2update","data":{"changes":{"asks":[["1096.672","0","7532333931"]],"bids":[]},"sequenceEnd":7532333931,"sequenceStart":7532333931,"symbol":"BNB-USDT","time":1759448050731}}
{"topic":"/market/level2:BNB-USDT","type":"message","subject":"trade.l2update","data":{"changes":{"asks":[["1104.447","0.492","7532333932"]],"bids":[]},"sequenceEnd":7532333932,"sequenceStart":7532333932,"symbol":"BNB-USDT","time":1759448050731}}
{"topic":"/market/level2:DOGE-USDT","type":"message","subject":"trade.l2update","data":{"changes":{"asks":[["0.26178","11386.2828","9385956474"]],"bids":[]},"sequenceEnd":9385956474,"sequenceStart":9385956474,"symbol":"DOGE-USDT","time":1759448050732}}
{"topic":"/market/level2:BTC-USDT","type":"message","subject":"trade.l2update","data":{"changes":{"asks":[],"bids":[["120564.2","0","22271926473"]]},"sequenceEnd":22271926473,"sequenceStart":22271926473,"symbol":"BTC-USDT","time":1759448050732}}
{"topic":"/market/level2:XPL-USDT","type":"message","subject":"trade.l2update","data":{"changes":{"asks":[["0.923","0","160729684"]],"bids":[]},"sequenceEnd":160729684,"sequenceStart":160729684,"symbol":"XPL-USDT","time":1759448050732}}
{"topic":"/market/level2:BNB-USDT","type":"message","subject":"trade.l2update","data":{"changes":{"asks":[],"bids":[["1076.486","0.9729","7532333933"]]},"sequenceEnd":7532333933,"sequenceStart":7532333933,"symbol":"BNB-USDT","time":1759448050733}}
{"topic":"/market/level2:DOGE-USDT","type":"message","subject":"trade.l2update","data":{"changes":{"asks":[],"bids":[["0.26175","38.224","9385956475"]]},"sequenceEnd":9385956475,"sequenceStart":9385956475,"symbol":"DOGE-USDT","time":1759448050733}}
{"topic":"/market/level2:SOL-USDT","type":"message","subject":"trade.l2update","data":{"changes":{"asks":[],"bids":[["233.31","10.519","15565084106"]]},"sequenceEnd":15565084106,"sequenceStart":15565084106,"symbol":"SOL-USDT","time":1759448050733}}
{"topic":"/market/level2:SOL-USDT","type":"message","subject":"trade.l2update","data":{"changes":{"asks":[],"bids":[["234.47","43.749","15565084107"]]},"sequenceEnd":15565084107,"sequenceStart":15565084107,"symbol":"SOL-USDT","time":1759448050733}}
{"topic":"/market/level2:BNB-USDT","type":"message","subject":"trade.l2update","data":{"changes":{"asks":[["1096.737","0","7532333934"]],"bids":[]},"sequenceEnd":7532333934,"sequenceStart":7532333934,"symbol":"BNB-USDT","time":1759448050734}}
{"topic":"/market/level2:SOL-USDT","type":"message","subject":"trade.l2update","data":{"changes":{"asks":[],"bids":[["234.47","118.733","15565084108"]]},"sequenceEnd":15565084108,"sequenceStart":15565084108,"symbol":"SOL-USDT","time":1759448050735}}
{"topic":"/market/level2:ADA-USDT","type":"message","subject":"trade.l2update","data":{"changes":{"asks":[],"bids":[["0.8647","7729","6211187337"]]},"sequenceEnd":6211187337,"sequenceStart":6211187337,"symbol":"ADA-USDT","time":1759448050736}}
{"topic":"/market/level2:ADA-USDT","type":"message","subject":"trade.l2update","data":{"changes":{"asks":[],"bids":[["0.8617","13939.39","6211187338"]]},"sequenceEnd":6211187338,"sequenceStart":6211187338,"symbol":"ADA-USDT","time":1759448050736}}
{"topic":"/market/level2:ADA-USDT","type":"message","subject":"trade.l2update","data":{"changes":{"asks":[],"bids":[["0.8645","14785.64","6211187339"]]},"sequenceEnd":6211187339,"sequenceStart":6211187339,"symbol":"ADA-USDT","time":1759448050736}}
{"topic":"/market/level2:ADA-USDT","type":"message","subject":"trade.l2update","data":{"changes":{"asks":[],"bids":[["0.8643","14026.05","6211187340"]]},"sequenceEnd":6211187340,"sequenceStart":6211187340,"symbol":"ADA-USDT","time":1759448050736}}
{"topic":"/market/level2:BNB-USDT","type":"message","subject":"trade.l2update","data":{"changes":{"asks":[["1104.448","0.9482","7532333935"]],"bids":[]},"sequenceEnd":7532333935,"sequenceStart":7532333935,"symbol":"BNB-USDT","time":1759448050736}}
{"topic":"/market/level2:BNB-USDT","type":"message","subject":"trade.l2update","data":{"changes":{"asks":[],"bids":[["1084.454","0.167","7532333936"]]},"sequenceEnd":7532333936,"sequenceStart":7532333936,"symbol":"BNB-USDT","time":1759448050736}}
{"topic":"/market/level2:BNB-USDT","type":"message","subject":"trade.l2update","data":{"changes":{"asks":[],"bids":[["1076.485","1.8752","7532333937"]]},"sequenceEnd":7532333937,"sequenceStart":7532333937,"symbol":"BNB-USDT","time":1759448050736}}
{"topic":"/market/level2:SOL-USDT","type":"message","subject":"trade.l2update","data":{"changes":{"asks":[],"bids":[["234.47","43.749","15565084109"]]},"sequenceEnd":15565084109,"sequenceStart":15565084109,"symbol":"SOL-USDT","time":1759448050736}}
{"topic":"/market/level2:BNB-USDT","type":"message","subject":"trade.l2update","data":{"changes":{"asks":[],"bids":[["1090.444","0.0148","7532333938"]]},"sequenceEnd":7532333938,"sequenceStart":7532333938,"symbol":"BNB-USDT","time":1759448050737}}
{"topic":"/market/level2:BNB-USDT","type":"message","subject":"trade.l2update","data":{"changes":{"asks":[["1091.045","0.017","7532333939"]],"bids":[]},"sequenceEnd":7532333939,"sequenceStart":7532333939,"symbol":"BNB-USDT","time":1759448050737}}
{"topic":"/market/level2:SOMI-USDT","type":"message","subject":"trade.l2update","data":{"changes":{"asks":[["0.8187","1085.19","160252398"]],"bids":[]},"sequenceEnd":160252398,"sequenceStart":160252398,"symbol":"SOMI-USDT","time":1759448050738}}
{"topic":"/market/level2:BNB-USDT","type":"message","subject":"trade.l2update","data":{"changes":{"asks":[["1104.449","1.8277","7532333940"]],"bids":[]},"sequenceEnd":7532333940,"sequenceStart":7532333940,"symbol":"BNB-USDT","time":1759448050739}}
{"topic":"/market/level2:BNB-USDT","type":"message","subject":"trade.l2update","data":{"changes":{"asks":[],"bids":[["1076.484","3.6145","7532333941"]]},"sequenceEnd":7532333941,"sequenceStart":7532333941,"symbol":"BNB-USDT","time":1759448050739}}
{"topic":"/market/level2:BNB-USDT","type":"message","subject":"trade.l2update","data":{"changes":{"asks":[["1096.48","0.1652","7532333942"]],"bids":[]},"sequenceEnd":7532333942,"sequenceStart":7532333942,"symbol":"BNB-USDT","time":1759448050739}}
{"topic":"/market/level2:DOGE-USDT","type":"message","subject":"trade.l2update","data":{"changes":{"asks":[["0.26178","11340.0393","9385956476"]],"bids":[]},"sequenceEnd":9385956476,"sequenceStart":9385956476,"symbol":"DOGE-USDT","time":1759448050740}}
{"topic":"/market/level2:BNB-USDT","type":"message","subject":"trade.l2update","data":{"changes":{"asks":[],"bids":[["1084.389","0.322","7532333943"]]},"sequenceEnd":7532333943,"sequenceStart":7532333943,"symbol":"BNB-USDT","time":1759448050740}}
{"topic":"/market/level2:AAVE-USDT","type":"message","subject":"trade.l2update","data":{"changes":{"asks":[],"bids":[["287.647","0","6899479473"]]},"sequenceEnd":6899479473,"sequenceStart":6899479473,"symbol":"AAVE-USDT","time":1759448050740}}
{"topic":"/market/level2:DOGE-USDT","type":"message","subject":"trade.l2update","data":{"changes":{"asks":[["0.26177","5634.2385","9385956477"]],"bids":[]},"sequenceEnd":9385956477,"sequenceStart":9385956477,"symbol":"DOGE-USDT","time":1759448050740}}
{"topic":"/market/level2:SOL-USDT","type":"message","subject":"trade.l2update","data":{"changes":{"asks":[],"bids":[["233.31","14.119","15565084110"]]},"sequenceEnd":15565084110,"sequenceStart":15565084110,"symbol":"SOL-USDT","time":1759448050740}}
{"topic":"/market/level2:SOL-USDT","type":"message","subject":"trade.l2update","data":{"changes":{"asks":[],"bids":[["234.47","23.749","15565084111"]]},"sequenceEnd":15565084111,"sequenceStart":15565084111,"symbol":"SOL-USDT","time":1759448050740}}
{"topic":"/market/level2:BNB-USDT","type":"message","subject":"trade.l2update","data":{"changes":{"asks":[["1104.45","3.523","7532333944"]],"bids":[]},"sequenceEnd":7532333944,"sequenceStart":7532333944,"symbol":"BNB-USDT","time":1759448050741}}
{"topic":"/market/level2:AVNT-USDT","type":"message","subject":"trade.l2update","data":{"changes":{"asks":[],"bids":[["1.12119","0","378857271"]]},"sequenceEnd":378857271,"sequenceStart":378857271,"symbol":"AVNT-USDT","time":1759448050741}}
{"topic":"/market/level2:ADA-USDT","type":"message","subject":"trade.l2update","data":{"changes":{"asks":[],"bids":[["0.8646","122104.51","6211187341"]]},"sequenceEnd":6211187341,"sequenceStart":6211187341,"symbol":"ADA-USDT","time":1759448050742}}
{"topic":"/market/level2:ADA-USDT","type":"message","subject":"trade.l2update","data":{"changes":{"asks":[],"bids":[["0.8647","21606.64","6211187342"]]},"sequenceEnd":6211187342,"sequenceStart":6211187342,"symbol":"ADA-USDT","time":1759448050742}}
{"topic":"/market/level2:BNB-USDT","type":"message","subject":"trade.l2update","data":{"changes":{"asks":[],"bids":[["1076.483","6.9672","7532333945"]]},"sequenceEnd":7532333945,"sequenceStart":7532333945,"symbol":"BNB-USDT","time":1759448050742}}
{"topic":"/market/level2:BNB-USDT","type":"message","subject":"trade.l2update","data":{"changes":{"asks":[["1096.545","0.3184","7532333946"]],"bids":[]},"sequenceEnd":7532333946,"sequenceStart":7532333946,"symbol":"BNB-USDT","time":1759448050742}}
{"topic":"/market/level2:SOMI-USDT","type":"message","subject":"trade.l2update","data":{"changes":{"asks":[["0.8197","0","160252399"]],"bids":[]},"sequenceEnd":160252399,"sequenceStart":160252399,"symbol":"SOMI-USDT","time":1759448050742}}
{"topic":"/market/level2:XPL-USDT","type":"message","subject":"trade.l2update","data":{"changes":{"asks":[],"bids":[["0.9096","0","160729685"]]},"sequenceEnd":160729685,"sequenceStart":160729685,"symbol":"XPL-USDT","time":1759448050743}}
{"topic":"/market/level2:ADA-USDT","type":"message","subject":"trade.l2update","data":{"changes":{"asks":[],"bids":[["0.8645","904.78","6211187343"]]},"sequenceEnd":6211187343,"sequenceStart":6211187343,"symbol":"ADA-USDT","time":1759448050744}}
{"topic":"/market/level2:ADA-USDT","type":"message","subject":"trade.l2update","data":{"changes":{"asks":[],"bids":[["0.8617","13.44","6211187344"]]},"sequenceEnd":6211187344,"sequenceStart":6211187344,"symbol":"ADA-USDT","time":1759448050744}}
{"topic":"/market/level2:BNB-USDT","type":"message","subject":"trade.l2update","data":{"changes":{"asks":[],"bids":[["1084.324","0.6206","7532333947"]]},"sequenceEnd":7532333947,"sequenceStart":7532333947,"symbol":"BNB-USDT","time":1759448050744}}
{"topic":"/market/level2:2Z-USDT","type":"message","subject":"trade.l2update","data":{"changes":{"asks":[],"bids":[["0.58716","0","8619018"]]},"sequenceEnd":8619018,"sequenceStart":8619018,"symbol":"2Z-USDT","time":1759448050744}}
{"topic":"/market/level2:BNB-USDT","type":"message","subject":"trade.l2update","data":{"changes":{"asks":[],"bids":[["1090.443","0","7532333948"]]},"sequenceEnd":7532333948,"sequenceStart":7532333948,"symbol":"BNB-USDT","time":1759448050744}}
{"topic":"/market/level2:SOL-USDT","type":"message","subject":"trade.l2update","data":{"changes":{"asks":[],"bids":[["233.31","10.519","15565084112"]]},"sequenceEnd":15565084112,"sequenceStart":15565084112,"symbol":"SOL-USDT","time":1759448050745}}
{"topic":"/market/level2:BNB-USDT","type":"message","subject":"trade.l2update","data":{"changes":{"asks":[["1104.451","6.7908","7532333949"]],"bids":[]},"sequenceEnd":7532333949,"sequenceStart":7532333949,"symbol":"BNB-USDT","time":1759448050745}}
{"topic":"/market/level2:BNB-USDT","type":"message","subject":"trade.l2update","data":{"changes":{"asks":[],"bids":[["1090.445","1.093","7532333950"]]},"sequenceEnd":7532333950,"sequenceStart":7532333950,"symbol":"BNB-USDT","time":1759448050745}}
{"topic":"/market/level2:BNB-USDT","type":"message","subject":"trade.l2update","data":{"changes":{"asks":[["1096.61","0.6136","7532333951"]],"bids":[]},"sequenceEnd":7532333951,"sequenceStart":7532333951,"symbol":"BNB-USDT","time":1759448050745}}
{"topic":"/market/level2:SOL-USDT","type":"message","subject":"trade.l2update","data":{"changes":{"asks":[],"bids":[["234.47","98.733","15565084113"]]},"sequenceEnd":15565084113,"sequenceStart":15565084113,"symbol":"SOL-USDT","time":1759448050746}}
{"topic":"/market/level2:ADA-USDT","type":"message","subject":"trade.l2update","data":{"changes":{"asks":[],"bids":[["0.868","46280.98","6211187345"]]},"sequenceEnd":6211187345,"sequenceStart":6211187345,"symbol":"ADA-USDT","time":1759448050746}}
{"topic":"/market/level2:SOL-USDT","type":"message","subject":"trade.l2update","data":{"changes":{"asks":[],"bids":[["234.47","118.733","15565084114"]]},"sequenceEnd":15565084114,"sequenceStart":15565084114,"symbol":"SOL-USDT","time":1759448050746}}
{"topic":"/market/level2:BNB-USDT","type":"message","subject":"trade.l2update","data":{"changes":{"asks":[],"bids":[["1084.26","1.1962","7532333952"]]},"sequenceEnd":7532333952,"sequenceStart":7532333952,"symbol":"BNB-USDT","time":1759448050747}}
{"topic":"/market/level2:XPL-USDT","type":"message","subject":"trade.l2update","data":{"changes":{"asks":[],"bids":[["0.9112","4075.55","160729686"]]},"sequenceEnd":160729686,"sequenceStart":160729686,"symbol":"XPL-USDT","time":1759448050747}}
{"topic":"/market/level2:ADA-USDT","type":"message","subject":"trade.l2update","data":{"changes":{"asks":[],"bids":[["0.8647","7729","6211187346"]]},"sequenceEnd":6211187346,"sequenceStart":6211187346,"symbol":"ADA-USDT","time":1759448050748}}
{"topic":"/market/level2:ADA-USDT","type":"message","subject":"trade.l2update","data":{"changes":{"asks":[],"bids":[["0.8643","141.99","6211187347"]]},"sequenceEnd":6211187347,"sequenceStart":6211187347,"symbol":"ADA-USDT","time":1759448050748}}
{"topic":"/market/level2:SOL-USDT","type":"message","subject":"trade.l2update","data":{"changes":{"asks":[],"bids":[["234.47","43.749","15565084115"]]},"sequenceEnd":15565084115,"sequenceStart":15565084115,"symbol":"SOL-USDT","time":1759448050748}}
{"topic":"/market/level2:ADA-USDT","type":"message","subject":"trade.l2update","data":{"changes":{"asks":[],"bids":[["0.8646","135983.75","6211187348"]]},"sequenceEnd":6211187348,"sequenceStart":6211187348,"symbol":"ADA-USDT","time":1759448050748}}
{"topic":"/market/level2:BNB-USDT","type":"message","subject":"trade.l2update","data":{"changes":{"asks":[["1096.674","1.1827","7532333953"]],"bids":[]},"sequenceEnd":7532333953,"sequenceStart":7532333953,"symbol":"BNB-USDT","time":1759448050749}}
{"topic":"/market/level2:BTC-USDT","type":"message","subject":"trade.l2update","data":{"changes":{"asks":[],"bids":[["120563.4","0.00189515","22271926474"]]},"sequenceEnd":22271926474,"sequenceStart":22271926474,"symbol":"BTC-USDT","time":1759448050750}}
{"topic":"/market/level2:BNB-USDT","type":"message","subject":"trade.l2update","data":{"changes":{"asks":[],"bids":[["1084.195","2.3059","7532333954"]]},"sequenceEnd":7532333954,"sequenceStart":7532333954,"symbol":"BNB-USDT","time":1759448050750}}
{"topic":"/market/level2:SOL-USDT","type":"message","subject":"trade.l2update","data":{"changes":{"asks":[],"bids":[["233.31","14.119","15565084116"]]},"sequenceEnd":15565084116,"sequenceStart":15565084116,"symbol":"SOL-USDT","time":1759448050750}}
{"topic":"/market/level2:SOL-USDT","type":"message","subject":"trade.l2update","data":{"changes":{"asks":[],"bids":[["234.47","23.749","15565084117"]]},"sequenceEnd":15565084117,"sequenceStart":15565084117,"symbol":"SOL-USDT","time":1759448050750}}
{"topic":"/market/level2:AVAX-USDT","type":"message","subject":"trade.l2update","data":{"changes":{"asks":[],"bids":[["30.865","22.5852","7532878746"]]},"sequenceEnd":7532878746,"sequenceStart":7532878746,"symbol":"AVAX-USDT","time":1759448050751}}
{"topic":"/market/level2:ADA-USDT","type":"message","subject":"trade.l2update","data":{"changes":{"asks":[],"bids":[["0.8645","14785.64","6211187349"]]},"sequenceEnd":6211187349,"sequenceStart":6211187349,"symbol":"ADA-USDT","time":1759448050751}}
{"topic":"/market/level2:BNB-USDT","type":"message","subject":"trade.l2update","data":{"changes":{"asks":[["1096.739","2.2795","7532333955"]],"bids":[]},"sequenceEnd":7532333955,"sequenceStart":7532333955,"symbol":"BNB-USDT","time":1759448050751}}
{"topic":"/market/level2:ADA-USDT","type":"message","subject":"trade.l2update","data":{"changes":{"asks":[],"bids":[["0.8617","13939.39","6211187350"]]},"sequenceEnd":6211187350,"sequenceStart":6211187350,"symbol":"ADA-USDT","time":1759448050751}}
{"topic":"/market/level2:LINK-USDT","type":"message","subject":"trade.l2update","data":{"changes":{"asks":[],"bids":[["22.7313","12.9764","9645258831"]]},"sequenceEnd":9645258831,"sequenceStart":9645258831,"symbol":"LINK-USDT","time":1759448050752}}
{"topic":"/market/level2:XPL-USDT","type":"message","subject":"trade.l2update","data":{"changes":{"asks":[["0.9246","1684.34","160729687"]],"bids":[]},"sequenceEnd":160729687,"sequenceStart":160729687,"symbol":"XPL-USDT","time":1759448050754}}
{"topic":"/market/level2:SOL-USDT","type":"message","subject":"trade.l2update","data":{"changes":{"asks":[],"bids":[["233.31","10.519","15565084118"]]},"sequenceEnd":15565084118,"sequenceStart":15565084118,"symbol":"SOL-USDT","time":1759448050754}}
{"topic":"/market/level2:XPL-USDT","type":"message","subject":"trade.l2update","data":{"changes":{"asks":[["0.9253","1243.68","160729688"]],"bids":[]},"sequenceEnd":160729688,"sequenceStart":160729688,"symbol":"XPL-USDT","time":1759448050754}}
{"topic":"/market/level2:ADA-USDT","type":"message","subject":"trade.l2update","data":{"changes":{"asks":[],"bids":[["0.8647","21606.64","6211187351"]]},"sequenceEnd":6211187351,"sequenceStart":6211187351,"symbol":"ADA-USDT","time":1759448050755}}
{"topic":"/market/level2:ADA-USDT","type":"message","subject":"trade.l2update","data":{"changes":{"asks":[],"bids":[["0.8646","122104.51","6211187352"]]},"sequenceEnd":6211187352,"sequenceStart":6211187352,"symbol":"ADA-USDT","time":1759448050755}}
{"topic":"/market/level2:LINK-USDT","type":"message","subject":"trade.l2update","data":{"changes":{"asks":[],"bids":[["22.7314","9.6759","9645258832"]]},"sequenceEnd":9645258832,"sequenceStart":9645258832,"symbol":"LINK-USDT","time":1759448050757}}
{"topic":"/market/level2:XPL-USDT","type":"message","subject":"trade.l2update","data":{"changes":{"asks":[["0.9263","1265.58","160729689"]],"bids":[]},"sequenceEnd":160729689,"sequenceStart":160729689,"symbol":"XPL-USDT","time":1759448050757}}
{"topic":"/market/level2:ADA-USDT","type":"message","subject":"trade.l2update","data":{"changes":{"asks":[],"bids":[["0.8643","14026.05","6211187353"]]},"sequenceEnd":6211187353,"sequenceStart":6211187353,"symbol":"ADA-USDT","time":1759448050758}}
{"topic":"/market/level2:SOMI-USDT","type":"message","subject":"trade.l2update","data":{"changes":{"asks":[["0.8187","1126.8","160252400"]],"bids":[]},"sequenceEnd":160252400,"sequenceStart":160252400,"symbol":"SOMI-USDT","time":1759448050757}}
{"topic":"/market/level2:LINEA-USDT","type":"message","subject":"trade.l2update","data":{"changes":{"asks":[["0.026372","2435","152508034"]],"bids":[]},"sequenceEnd":152508034,"sequenceStart":152508034,"symbol":"LINEA-USDT","time":1759448050759}}
{"topic":"/market/level2:SOL-USDT","type":"message","subject":"trade.l2update","data":{"changes":{"asks":[],"bids":[["234.47","98.733","15565084119"]]},"sequenceEnd":15565084119,"sequenceStart":15565084119,"symbol":"SOL-USDT","time":1759448050759}}
{"topic":"/market/level2:ADA-USDT","type":"message","subject":"trade.l2update","data":{"changes":{"asks":[],"bids":[["0.8645","904.78","6211187354"]]},"sequenceEnd":6211187354,"sequenceStart":6211187354,"symbol":"ADA-USDT","time":1759448050759}}
{"topic":"/market/level2:ADA-USDT","type":"message","subject":"trade.l2update","data":{"changes":{"asks":[],"bids":[["0.8617","13.44","6211187355"]]},"sequenceEnd":6211187355,"sequenceStart":6211187355,"symbol":"ADA-USDT","time":1759448050759}}
{"topic":"/market/level2:SOL-USDT","type":"message","subject":"trade.l2update","data":{"changes":{"asks":[],"bids":[["234.47","118.733","15565084120"]]},"sequenceEnd":15565084120,"sequenceStart":15565084120,"symbol":"SOL-USDT","time":1759448050760}}
{"topic":"/market/level2:ADA-USDT","type":"message","subject":"trade.l2update","data":{"changes":{"asks":[],"bids":[["0.8646","135983.75","6211187356"]]},"sequenceEnd":6211187356,"sequenceStart":6211187356,"symbol":"ADA-USDT","time":1759448050761}}
{"topic":"/market/level2:LINK-USDT","type":"message","subject":"trade.l2update","data":{"changes":{"asks":[],"bids":[["22.7339","11.25","9645258833"]]},"sequenceEnd":9645258833,"sequenceStart":9645258833,"symbol":"LINK-USDT","time":1759448050762}}
{"topic":"/market/level2:ADA-USDT","type":"message","subject":"trade.l2update","data":{"changes":{"asks":[],"bids":[["0.8647","7729","6211187357"]]},"sequenceEnd":6211187357,"sequenceStart":6211187357,"symbol":"ADA-USDT","time":1759448050763}}
{"topic":"/market/level2:XPL-USDT","type":"message","subject":"trade.l2update","data":{"changes":{"asks":[],"bids":[["0.9216","24605.12","160729690"]]},"sequenceEnd":160729690,"sequenceStart":160729690,"symbol":"XPL-USDT","time":1759448050763}}
{"topic":"/market/level2:XPL-USDT","type":"message","subject":"trade.l2update","data":{"changes":{"asks":[["0.923","129.95","160729691"]],"bids":[]},"sequenceEnd":160729691,"sequenceStart":160729691,"symbol":"XPL-USDT","time":1759448050763}}
{"topic":"/market/level2:BNB-USDT","type":"message","subject":"trade.l2update","data":{"changes":{"asks":[],"bids":[["1090.442","0","7532333956"]]},"sequenceEnd":7532333956,"sequenceStart":7532333956,"symbol":"BNB-USDT","time":1759448050765}}
{"topic":"/market/level2:SOL-USDT","type":"message","subject":"trade.l2update","data":{"changes":{"asks":[],"bids":[["234.47","43.749","15565084121"]]},"sequenceEnd":15565084121,"sequenceStart":15565084121,"symbol":"SOL-USDT","time":1759448050765}}
{"topic":"/market/level2:LINK-USDT","type":"message","subject":"trade.l2update","data":{"changes":{"asks":[],"bids":[["22.7314","9.4283","9645258834"]]},"sequenceEnd":9645258834,"sequenceStart":9645258834,"symbol":"LINK-USDT","time":1759448050765}}
{"topic":"/market/level2:SOL-USDT","type":"message","subject":"trade.l2update","data":{"changes":{"asks":[],"bids":[["233.31","14.119","15565084122"]]},"sequenceEnd":15565084122,"sequenceStart":15565084122,"symbol":"SOL-USDT","time":1759448050766}}
{"topic":"/market/level2:SOL-USDT","type":"message","subject":"trade.l2update","data":{"changes":{"asks":[],"bids":[["234.47","23.749","15565084123"]]},"sequenceEnd":15565084123,"sequenceStart":15565084123,"symbol":"SOL-USDT","time":1759448050766}}
{"topic":"/market/level2:LINK-USDT","type":"message","subject":"trade.l2update","data":{"changes":{"asks":[],"bids":[["22.7315","0.2477","9645258835"]]},"sequenceEnd":9645258835,"sequenceStart":9645258835,"symbol":"LINK-USDT","time":1759448050765}}
{"topic":"/market/level2:AVAX-USDT","type":"message","subject":"trade.l2update","data":{"changes":{"asks":[],"bids":[["30.865","16.8852","7532878747"]]},"sequenceEnd":7532878747,"sequenceStart":7532878747,"symbol":"AVAX-USDT","time":1759448050766}}
{"topic":"/market/level2:SOMI-USDT","type":"message","subject":"trade.l2update","data":{"changes":{"asks":[["0.8193","46.85","160252401"]],"bids":[]},"sequenceEnd":160252401,"sequenceStart":160252401,"symbol":"SOMI-USDT","time":1759448050767}}
{"topic":"/market/level2:ADA-USDT","type":"message","subject":"trade.l2update","data":{"changes":{"asks":[],"bids":[["0.8617","13939.39","6211187358"]]},"sequenceEnd":6211187358,"sequenceStart":6211187358,"symbol":"ADA-USDT","time":1759448050767}}
{"topic":"/market/level2:2Z-USDT","type":"message","subject":"trade.l2update","data":{"changes":{"asks":[],"bids":[["0.58752","62.9","8619019"]]},"sequenceEnd":8619019,"sequenceStart":8619019,"symbol":"2Z-USDT","time":1759448050767}}
{"topic":"/market/level2:ADA-USDT","type":"message","subject":"trade.l2update","data":{"changes":{"asks":[],"bids":[["0.8643","141.99","6211187359"]]},"sequenceEnd":6211187359,"sequenceStart":6211187359,"symbol":"ADA-USDT","time":1759448050767}}
{"topic":"/market/level2:ADA-USDT","type":"message","subject":"trade.l2update","data":{"changes":{"asks":[],"bids":[["0.8645","14785.64","6211187360"]]},"sequenceEnd":6211187360,"sequenceStart":6211187360,"symbol":"ADA-USDT","time":1759448050767}}
{"topic":"/market/level2:BNB-USDT","type":"message","subject":"trade.l2update","data":{"changes":{"asks":[],"bids":[["1081.538","0","7532333957"]]},"sequenceEnd":7532333957,"sequenceStart":7532333957,"symbol":"BNB-USDT","time":1759448050767}}
{"topic":"/market/level2:XPL-USDT","type":"message","subject":"trade.l2update","data":{"changes":{"asks":[],"bids":[["0.921","7605.4","160729692"]]},"sequenceEnd":160729692,"sequenceStart":160729692,"symbol":"XPL-USDT","time":1759448050769}}
{"topic":"/market/level2:SOL-USDT","type":"message","subject":"trade.l2update","data":{"changes":{"asks":[],"bids":[["234.47","98.733","15565084124"]]},"sequenceEnd":15565084124,"sequenceStart":15565084124,"symbol":"SOL-USDT","time":1759448050770}}
{"topic":"/market/level2:SOL-USDT","type":"message","subject":"trade.l2update","data":{"changes":{"asks":[],"bids":[["233.31","10.519","15565084125"]]},"sequenceEnd":15565084125,"sequenceStart":15565084125,"symbol":"SOL-USDT","time":1759448050771}}
{"topic":"/market/level2:SOL-USDT","type":"message","subject":"trade.l2update","data":{"changes":{"asks":[],"bids":[["234.47","118.733","15565084126"]]},"sequenceEnd":15565084126,"sequenceStart":15565084126,"symbol":"SOL-USDT","time":1759448050771}}
{"topic":"/market/level2:BNB-USDT","type":"message","subject":"trade.l2update","data":{"changes":{"asks":[],"bids":[["1081.533","0","7532333958"]]},"sequenceEnd":7532333958,"sequenceStart":7532333958,"symbol":"BNB-USDT","time":1759448050771}}
{"topic":"/market/level2:SOMI-USDT","type":"message","subject":"trade.l2update","data":{"changes":{"asks":[["0.8171","383.46","160252402"]],"bids":[]},"sequenceEnd":160252402,"sequenceStart":160252402,"symbol":"SOMI-USDT","time":1759448050771}}
{"topic":"/market/level2:ADA-USDT","type":"message","subject":"trade.l2update","data":{"changes":{"asks":[],"bids":[["0.8652","2654.76","6211187361"]]},"sequenceEnd":6211187361,"sequenceStart":6211187361,"symbol":"ADA-USDT","time":1759448050772}}
{"topic":"/market/level2:ADA-USDT","type":"message","subject":"trade.l2update","data":{"changes":{"asks":[],"bids":[["0.8646","122104.51","6211187362"]]},"sequenceEnd":6211187362,"sequenceStart":6211187362,"symbol":"ADA-USDT","time":1759448050772}}
{"topic":"/market/level2:ETHFI-USDT","type":"message","subject":"trade.l2update","data":{"changes":{"asks":[["1.775","2162.68","1099651298"]],"bids":[]},"sequenceEnd":1099651298,"sequenceStart":1099651298,"symbol":"ETHFI-USDT","time":1759448050772}}
{"topic":"/market/level2:SOL-USDT","type":"message","subject":"trade.l2update","data":{"changes":{"asks":[],"bids":[["234.47","43.749","15565084127"]]},"sequenceEnd":15565084127,"sequenceStart":15565084127,"symbol":"SOL-USDT","time":1759448050773}}
{"topic":"/market/level2:BNB-USDT","type":"message","subject":"trade.l2update","data":{"changes":{"asks":[],"bids":[["1081.528","0","7532333959"]]},"sequenceEnd":7532333959,"sequenceStart":7532333959,"symbol":"BNB-USDT","time":1759448050773}}
{"topic":"/market/level2:ADA-USDT","type":"message","subject":"trade.l2update","data":{"changes":{"asks":[],"bids":[["0.8647","21606.64","6211187363"]]},"sequenceEnd":6211187363,"sequenceStart":6211187363,"symbol":"ADA-USDT","time":1759448050774}}
{"topic":"/market/level2:XPL-USDT","type":"message","subject":"trade.l2update","data":{"changes":{"asks":[],"bids":[["0.9216","25168.03","160729693"]]},"sequenceEnd":160729693,"sequenceStart":160729693,"symbol":"XPL-USDT","time":1759448050773}}
{"topic":"/market/level2:ADA-USDT","type":"message","subject":"trade.l2update","data":{"changes":{"asks":[],"bids":[["0.8643","14026.05","6211187364"]]},"sequenceEnd":6211187364,"sequenceStart":6211187364,"symbol":"ADA-USDT","time":1759448050774}}
{"topic":"/market/level2:XPL-USDT","type":"message","subject":"trade.l2update","data":{"changes":{"asks":[],"bids":[["0.9211","3982.54","160729694"]]},"sequenceEnd":160729694,"sequenceStart":160729694,"symbol":"XPL-USDT","time":1759448050773}}
{"topic":"/market/level2:AVNT-USDT","type":"message","subject":"trade.l2update","data":{"changes":{"asks":[],"bids":[["1.12105","8.3","378857272"]]},"sequenceEnd":378857272,"sequenceStart":378857272,"symbol":"AVNT-USDT","time":1759448050773}}
{"topic":"/market/level2:SOL-USDT","type":"message","subject":"trade.l2update","data":{"changes":{"asks":[],"bids":[["234.47","23.749","15565084128"]]},"sequenceEnd":15565084128,"sequenceStart":15565084128,"symbol":"SOL-USDT","time":1759448050774}}
{"topic":"/market/level2:ZEN-USDT","type":"message","subject":"trade.l2update","data":{"changes":{"asks":[],"bids":[["9.729","2.6","886759424"]]},"sequenceEnd":886759424,"sequenceStart":886759424,"symbol":"ZEN-USDT","time":1759448050775}}
{"topic":"/market/level2:ZEN-USDT","type":"message","subject":"trade.l2update","data":{"changes":{"asks":[["9.78","11.7","886759425"]],"bids":[]},"sequenceEnd":886759425,"sequenceStart":886759425,"symbol":"ZEN-USDT","time":1759448050775}}
{"topic":"/market/level2:SOL-USDT","type":"message","subject":"trade.l2update","data":{"changes":{"asks":[],"bids":[["233.31","14.119","15565084129"]]},"sequenceEnd":15565084129,"sequenceStart":15565084129,"symbol":"SOL-USDT","time":1759448050775}}
{"topic":"/market/level2:ZEN-USDT","type":"message","subject":"trade.l2update","data":{"changes":{"asks":[["9.75","61.2182","886759426"]],"bids":[]},"sequenceEnd":886759426,"sequenceStart":886759426,"symbol":"ZEN-USDT","time":1759448050775}}
{"topic":"/market/level2:ZEN-USDT","type":"message","subject":"trade.l2update","data":{"changes":{"asks":[["9.771","0","886759427"]],"bids":[]},"sequenceEnd":886759427,"sequenceStart":886759427,"symbol":"ZEN-USDT","time":1759448050776}}
{"topic":"/market/level2:ZEN-USDT","type":"message","subject":"trade.l2update","data":{"changes":{"asks":[["9.768","61.2182","886759428"]],"bids":[]},"sequenceEnd":886759428,"sequenceStart":886759428,"symbol":"ZEN-USDT","time":1759448050776}}
{"topic":"/market/level2:BTC-USDT","type":"message","subject":"trade.l2update","data":{"changes":{"asks":[],"bids":[["120563.4","0","22271926475"]]},"sequenceEnd":22271926475,"sequenceStart":22271926475,"symbol":"BTC-USDT","time":1759448050776}}
{"topic":"/market/level2:SOMI-USDT","type":"message","subject":"trade.l2update","data":{"changes":{"asks":[["0.817","955.86","160252403"]],"bids":[]},"sequenceEnd":160252403,"sequenceStart":160252403,"symbol":"SOMI-USDT","time":1759448050776}}
{"topic":"/market/level2:BNB-USDT","type":"message","subject":"trade.l2update","data":{"changes":{"asks":[],"bids":[["1081.523","0","7532333960"]]},"sequenceEnd":7532333960,"sequenceStart":7532333960,"symbol":"BNB-USDT","time":1759448050776}}
{"topic":"/market/level2:ADA-USDT","type":"message","subject":"trade.l2update","data":{"changes":{"asks":[],"bids":[["0.8667","35406.62","6211187365"]]},"sequenceEnd":6211187365,"sequenceStart":6211187365,"symbol":"ADA-USDT","time":1759448050778}}
{"topic":"/market/level2:ADA-USDT","type":"message","subject":"trade.l2update","data":{"changes":{"asks":[],"bids":[["0.8652","16524.38","6211187366"]]},"sequenceEnd":6211187366,"sequenceStart":6211187366,"symbol":"ADA-USDT","time":1759448050778}}
{"topic":"/market/level2:BNB-USDT","type":"message","subject":"trade.l2update","data":{"changes":{"asks":[["1090.577","0.1632","7532333961"]],"bids":[]},"sequenceEnd":7532333961,"sequenceStart":7532333961,"symbol":"BNB-USDT","time":1759448050778}}
{"topic":"/market/level2:ADA-USDT","type":"message","subject":"trade.l2update","data":{"changes":{"asks":[],"bids":[["0.8645","904.78","6211187367"]]},"sequenceEnd":6211187367,"sequenceStart":6211187367,"symbol":"ADA-USDT","time":1759448050778}}
{"topic":"/market/level2:ZEN-USDT","type":"message","subject":"trade.l2update","data":{"changes":{"asks":[],"bids":[["9.723","78.1516","886759429"]]},"sequenceEnd":886759429,"sequenceStart":886759429,"symbol":"ZEN-USDT","time":1759448050778}}
{"topic":"/market/level2:ADA-USDT","type":"message","subject":"trade.l2update","data":{"changes":{"asks":[],"bids":[["0.8617","13.44","6211187368"],["0.8646","135983.75","6211187369"]]},"sequenceEnd":6211187369,"sequenceStart":6211187368,"symbol":"ADA-USDT","time":1759448050778}}
{"topic":"/market/level2:SOL-USDT","type":"message","subject":"trade.l2update","data":{"changes":{"asks":[],"bids":[["233.31","10.519","15565084130"]]},"sequenceEnd":15565084130,"sequenceStart":15565084130,"symbol":"SOL-USDT","time":1759448050779}}
{"topic":"/market/level2:ZEN-USDT","type":"message","subject":"trade.l2update","data":{"changes":{"asks":[["9.754","108.45","886759430"]],"bids":[]},"sequenceEnd":886759430,"sequenceStart":886759430,"symbol":"ZEN-USDT","time":1759448050779}}
{"topic":"/market/level2:ZEN-USDT","type":"message","subject":"trade.l2update","data":{"changes":{"asks":[["9.808","0","886759431"]],"bids":[]},"sequenceEnd":886759431,"sequenceStart":886759431,"symbol":"ZEN-USDT","time":1759448050779}}
