{"id":1759367900762,"code":0,"msg":"Not Subscribed successfully! [spot@public.depth.v3.api.pb@100ms@WLDUSDT].  Reason： Blocked! "}
{"id":1759367900762,"code":0,"msg":"Not Subscribed successfully! [spot@public.depth.v3.api.sub@100ms@WLDUSDT].  Reason： Blocked! "}
{"id":1759367900762,"code":0,"msg":"spot@public.aggre.deals.v3.api.pb@100ms@WLDUSDT"}
{"id":1759367900762,"code":0,"msg":"Not Subscribed successfully! [spot@public.depth.v3.api.pb@100ms@ZENUSDT].  Reason： Blocked! "}
{"id":1759367900762,"code":0,"msg":"Not Subscribed successfully! [spot@public.depth.v3.api.sub@100ms@ZENUSDT].  Reason： Blocked! "}
{"id":1759367900762,"code":0,"msg":"spot@public.aggre.deals.v3.api.pb@100ms@ZENUSDT"}
{"id":1759367900762,"code":0,"msg":"Not Subscribed successfully! [spot@public.depth.v3.api.pb@100ms@NOMUSDT].  Reason： Blocked! "}
{"id":1759367900762,"code":0,"msg":"Not Subscribed successfully! [spot@public.depth.v3.api.sub@100ms@NOMUSDT].  Reason： Blocked! "}
{"id":1759367900762,"code":0,"msg":"spot@public.aggre.deals.v3.api.pb@100ms@NOMUSDT"}
{"id":1759367900777,"code":0,"msg":"Not Subscribed successfully! [spot@public.depth.v3.api.pb@100ms@XLMUSDT].  Reason： Blocked! "}
{"id":1759367900777,"code":0,"msg":"Not Subscribed successfully! [spot@public.depth.v3.api.sub@100ms@XLMUSDT].  Reason： Blocked! "}
{"id":1759367900777,"code":0,"msg":"spot@public.aggre.deals.v3.api.pb@100ms@XLMUSDT"}
{"id":1759367900777,"code":0,"msg":"Not Subscribed successfully! [spot@public.depth.v3.api.pb@100ms@DASHUSDT].  Reason： Blocked! "}
{"id":1759367900777,"code":0,"msg":"Not Subscribed successfully! [spot@public.depth.v3.api.sub@100ms@DASHUSDT].  Reason： Blocked! "}
{"id":1759367900777,"code":0,"msg":"spot@public.aggre.deals.v3.api.pb@100ms@DASHUSDT"}
{"id":1759367900777,"code":0,"msg":"Not Subscribed successfully! [spot@public.depth.v3.api.pb@100ms@EIGENUSDT].  Reason： Blocked! "}
{"id":1759367900777,"code":0,"msg":"Not Subscribed successfully! [spot@public.depth.v3.api.sub@100ms@EIGENUSDT].  Reason： Blocked! "}
{"id":1759367900777,"code":0,"msg":"spot@public.aggre.deals.v3.api.pb@100ms@EIGENUSDT"}
{"id":1759367900777,"code":0,"msg":"Not Subscribed successfully! [spot@public.depth.v3.api.pb@100ms@PAXGUSDT].  Reason： Blocked! "}
{"id":1759367900793,"code":0,"msg":"Not Subscribed successfully! [spot@public.depth.v3.api.sub@100ms@PAXGUSDT].  Reason： Blocked! "}
{"id":1759367900793,"code":0,"msg":"spot@public.aggre.deals.v3.api.pb@100ms@PAXGUSDT"}
{"id":1759367900793,"code":0,"msg":"Not Subscribed successfully! [spot@public.depth.v3.api.pb@100ms@MIRAUSDT].  Reason： Blocked! "}
{"id":1759367900793,"code":0,"msg":"Not Subscribed successfully! [spot@public.depth.v3.api.sub@100ms@MIRAUSDT].  Reason： Blocked! "}
{"id":1759367900793,"code":0,"msg":"spot@public.aggre.deals.v3.api.pb@100ms@MIRAUSDT"}
{"id":1759367900793,"code":0,"msg":"Not Subscribed successfully! [spot@public.depth.v3.api.pb@100ms@STRKUSDT].  Reason： Blocked! "}
{"id":1759367900793,"code":0,"msg":"Not Subscribed successfully! [spot@public.depth.v3.api.sub@100ms@STRKUSDT].  Reason： Blocked! "}
{"id":1759367900793,"code":0,"msg":"spot@public.aggre.deals.v3.api.pb@100ms@STRKUSDT"}
{"id":1759367900793,"code":0,"msg":"Not Subscribed successfully! [spot@public.depth.v3.api.pb@100ms@BONKUSDT].  Reason： Blocked! "}
{"id":1759367900793,"code":0,"msg":"Not Subscribed successfully! [spot@public.depth.v3.api.sub@100ms@BONKUSDT].  Reason： Blocked! "}
{"id":1759367900809,"code":0,"msg":"spot@public.aggre.deals.v3.api.pb@100ms@BONKUSDT"}
{"id":0,"code":0,"msg":"PONG"}
b"\n/spot@public.aggre.deals.v3.api.pb@100ms@WLDUSDT\x1a\x07WLDUSDT0\xbf\xe5\xfe\x93\x9a3\xd2\x13A\n\x16\n\x051.315\x12\x042.23\x18\x01 \x97\xe5\xfe\x93\x9a3\x12'spot@public.aggre.deals.v3.api.pb@100ms"
b"\n1spot@public.aggre.deals.v3.api.pb@100ms@EIGENUSDT\x1a\tEIGENUSDT0\xb8\xea\xfe\x93\x9a3\xd2\x13\xc6\x01\n\x19\n\x061.5418\x12\x06119.48\x18\x02 \xac\xea\xfe\x93\x9a3\n\x18\n\x061.5414\x12\x0573.83\x18\x01 \xad\xea\xfe\x93\x9a3\n\x18\n\x061.5418\x12\x0579.92\x18\x02 \xad\xea\xfe\x93\x9a3\n\x17\n\x061.5418\x12\x048.39\x18\x01 \xad\xea\xfe\x93\x9a3\n\x19\n\x061.5418\x12\x06142.31\x18\x02 \xae\xea\xfe\x93\x9a3\n\x18\n\x061.5418\x12\x0534.26\x18\x01 \xae\xea\xfe\x93\x9a3\x12'spot@public.aggre.deals.v3.api.pb@100ms"
b"\n/spot@public.aggre.deals.v3.api.pb@100ms@XLMUSDT\x1a\x07XLMUSDT0\xf9\xea\xfe\x93\x9a3\xd2\x13_\n\x19\n\x060.3984\x12\x06310.44\x18\x01 \xe7\xea\xfe\x93\x9a3\n\x19\n\x060.3984\x12\x06110.61\x18\x01 \xe8\xea\xfe\x93\x9a3\x12'spot@public.aggre.deals.v3.api.pb@100ms"
b"\n/spot@public.aggre.deals.v3.api.pb@100ms@WLDUSDT\x1a\x07WLDUSDT0\xa7\xed\xfe\x93\x9a3\xd2\x13A\n\x16\n\x051.314\x12\x042.82\x18\x02 \xff\xec\xfe\x93\x9a3\x12'spot@public.aggre.deals.v3.api.pb@100ms"
b"\n0spot@public.aggre.deals.v3.api.pb@100ms@MIRAUSDT\x1a\x08MIRAUSDT0\x88\xf1\xfe\x93\x9a3\xd2\x13w\n\x18\n\x060.6568\x12\x0568.51\x18\x01 \x80\xf1\xfe\x93\x9a3\n\x19\n\x060.6569\x12\x06576.91\x18\x01 \x81\xf1\xfe\x93\x9a3\n\x17\n\x060.6569\x12\x0410.2\x18\x01 \x82\xf1\xfe\x93\x9a3\x12'spot@public.aggre.deals.v3.api.pb@100ms"
b"\n/spot@public.aggre.deals.v3.api.pb@100ms@WLDUSDT\x1a\x07WLDUSDT0\x8f\xf5\xfe\x93\x9a3\xd2\x13A\n\x16\n\x051.315\x12\x042.98\x18\x02 \xe6\xf4\xfe\x93\x9a3\x12'spot@public.aggre.deals.v3.api.pb@100ms"
b"\n0spot@public.aggre.deals.v3.api.pb@100ms@MIRAUSDT\x1a\x08MIRAUSDT0\xe0\xf5\xfe\x93\x9a3\xd2\x13D\n\x19\n\x060.6567\x12\x06738.01\x18\x02 \xcf\xf5\xfe\x93\x9a3\x12'spot@public.aggre.deals.v3.api.pb@100ms"
b"\n0spot@public.aggre.deals.v3.api.pb@100ms@DASHUSDT\x1a\x08DASHUSDT0\x99\xf8\xfe\x93\x9a3\xd2\x13|\n\x19\n\x0532.15\x12\x070.19763\x18\x02 \xe1\xf7\xfe\x93\x9a3\n\x1a\n\x0532.15\x12\x080.086645\x18\x02 \xe2\xf7\xfe\x93\x9a3\n\x1a\n\x0532.15\x12\x080.394935\x18\x02 \xe2\xf7\xfe\x93\x9a3\x12'spot@public.aggre.deals.v3.api.pb@100ms"
b"\n/spot@public.aggre.deals.v3.api.pb@100ms@XLMUSDT\x1a\x07XLMUSDT0\xc9\xfa\xfe\x93\x9a3\xd2\x13B\n\x17\n\x060.3985\x12\x0419.8\x18\x02 \xb8\xfa\xfe\x93\x9a3\x12'spot@public.aggre.deals.v3.api.pb@100ms"
b"\n0spot@public.aggre.deals.v3.api.pb@100ms@MIRAUSDT\x1a\x08MIRAUSDT0\xf4\xff\xfe\x93\x9a3\xd2\x13@\n\x15\n\x060.6566\x12\x0215\x18\x02 \xb8\xff\xfe\x93\x9a3\x12'spot@public.aggre.deals.v3.api.pb@100ms"
b"\n0spot@public.aggre.deals.v3.api.pb@100ms@MIRAUSDT\x1a\x08MIRAUSDT0\xbc\x81\xff\x93\x9a3\xd2\x13@\n\x15\n\x060.6566\x12\x0215\x18\x02 \xb1\x81\xff\x93\x9a3\x12'spot@public.aggre.deals.v3.api.pb@100ms"
b"\n0spot@public.aggre.deals.v3.api.pb@100ms@MIRAUSDT\x1a\x08MIRAUSDT0\xe8\x83\xff\x93\x9a3\xd2\x13@\n\x15\n\x060.6566\x12\x0215\x18\x02 \xac\x83\xff\x93\x9a3\x12'spot@public.aggre.deals.v3.api.pb@100ms"
b"\n/spot@public.aggre.deals.v3.api.pb@100ms@WLDUSDT\x1a\x07WLDUSDT0\xdf\x84\xff\x93\x9a3\xd2\x13A\n\x16\n\x051.314\x12\x043.19\x18\x02 \xb6\x84\xff\x93\x9a3\x12'spot@public.aggre.deals.v3.api.pb@100ms"
b"\n/spot@public.aggre.deals.v3.api.pb@100ms@WLDUSDT\x1a\x07WLDUSDT0\xd3\x88\xff\x93\x9a3\xd2\x13A\n\x16\n\x051.315\x12\x045.78\x18\x01 \xa9\x88\xff\x93\x9a3\x12'spot@public.aggre.deals.v3.api.pb@100ms"
b"\n0spot@public.aggre.deals.v3.api.pb@100ms@BONKUSDT\x1a\x08BONKUSDT0\xde\x8b\xff\x93\x9a3\xd2\x13\x87\x01\n\x1d\n\n0.00002055\x12\x06829604\x18\x02 \xa9\x8b\xff\x93\x9a3\n\x1e\n\n0.00002055\x12\x071300181\x18\x01 \xaa\x8b\xff\x93\x9a3\n\x1d\n\n0.00002055\x12\x06424385\x18\x02 \xab\x8b\xff\x93\x9a3\x12'spot@public.aggre.deals.v3.api.pb@100ms"
b"\n0spot@public.aggre.deals.v3.api.pb@100ms@MIRAUSDT\x1a\x08MIRAUSDT0\xfb\x8d\xff\x93\x9a3\xd2\x13\xcb\x01\n\x18\n\x060.6567\x12\x0568.52\x18\x01 \xf1\x8d\xff\x93\x9a3\n\x1a\n\x060.6569\x12\x071136.86\x18\x01 \xf1\x8d\xff\x93\x9a3\n\x18\n\x050.657\x12\x06620.44\x18\x01 \xf1\x8d\xff\x93\x9a3\n\x19\n\x050.657\x12\x071103.53\x18\x01 \xf1\x8d\xff\x93\x9a3\n\x19\n\x060.6571\x12\x06358.86\x18\x01 \xf2\x8d\xff\x93\x9a3\n\x1a\n\x060.6571\x12\x071103.53\x18\x02 \xf4\x8d\xff\x93\x9a3\x12'spot@public.aggre.deals.v3.api.pb@100ms"
b"\n0spot@public.aggre.deals.v3.api.pb@100ms@MIRAUSDT\x1a\x08MIRAUSDT0\xe8\x9c\xff\x93\x9a3\xd2\x13C\n\x18\n\x060.6571\x12\x0510.31\x18\x02 \xbc\x9c\xff\x93\x9a3\x12'spot@public.aggre.deals.v3.api.pb@100ms"
b"\n/spot@public.aggre.deals.v3.api.pb@100ms@WLDUSDT\x1a\x07WLDUSDT0\xff\xa3\xff\x93\x9a3\xd2\x13A\n\x16\n\x051.314\x12\x042.64\x18\x01 \xd5\xa3\xff\x93\x9a3\x12'spot@public.aggre.deals.v3.api.pb@100ms"
b"\n/spot@public.aggre.deals.v3.api.pb@100ms@WLDUSDT\x1a\x07WLDUSDT0\xf3\xa7\xff\x93\x9a3\xd2\x13B\n\x17\n\x051.315\x12\x0510.45\x18\x01 \xcb\xa7\xff\x93\x9a3\x12'spot@public.aggre.deals.v3.api.pb@100ms"
b"\n/spot@public.aggre.deals.v3.api.pb@100ms@ZENUSDT\x1a\x07ZENUSDT0\xfd\xa7\xff\x93\x9a3\xd2\x13?\n\x14\n\x049.34\x12\x030.6\x18\x02 \x9b\xa7\xff\x93\x9a3\x12'spot@public.aggre.deals.v3.api.pb@100ms"
b"\n0spot@public.aggre.deals.v3.api.pb@100ms@MIRAUSDT\x1a\x08MIRAUSDT0\xe4\xae\xff\x93\x9a3\xd2\x13C\n\x18\n\x060.6571\x12\x0568.48\x18\x01 \xbd\xae\xff\x93\x9a3\x12'spot@public.aggre.deals.v3.api.pb@100ms"
b"\n0spot@public.aggre.deals.v3.api.pb@100ms@MIRAUSDT\x1a\x08MIRAUSDT0\xc8\xaf\xff\x93\x9a3\xd2\x13w\n\x17\n\x060.6574\x12\x048.48\x18\x01 \xaf\xaf\xff\x93\x9a3\n\x1a\n\x060.6577\x12\x071376.82\x18\x01 \xaf\xaf\xff\x93\x9a3\n\x17\n\x060.6574\x12\x048.48\x18\x01 \xb2\xaf\xff\x93\x9a3\x12'spot@public.aggre.deals.v3.api.pb@100ms"
b"\n/spot@public.aggre.deals.v3.api.pb@100ms@ZENUSDT\x1a\x07ZENUSDT0\xe5\xaf\xff\x93\x9a3\xd2\x13Y\n\x16\n\x059.343\x12\x041.36\x18\x01 \x83\xaf\xff\x93\x9a3\n\x16\n\x059.343\x12\x040.44\x18\x01 \x84\xaf\xff\x93\x9a3\x12'spot@public.aggre.deals.v3.api.pb@100ms"
b"\n0spot@public.aggre.deals.v3.api.pb@100ms@MIRAUSDT\x1a\x08MIRAUSDT0\x90\xb1\xff\x93\x9a3\xd2\x13B\n\x17\n\x060.6577\x12\x0410.1\x18\x02 \xd5\xb0\xff\x93\x9a3\x12'spot@public.aggre.deals.v3.api.pb@100ms"
b"\n/spot@public.aggre.deals.v3.api.pb@100ms@WLDUSDT\x1a\x07WLDUSDT0\xcf\xb3\xff\x93\x9a3\xd2\x13A\n\x16\n\x051.314\x12\x046.02\x18\x02 \xa8\xb3\xff\x93\x9a3\x12'spot@public.aggre.deals.v3.api.pb@100ms"
b"\n0spot@public.aggre.deals.v3.api.pb@100ms@DASHUSDT\x1a\x08DASHUSDT0\xd9\xb6\xff\x93\x9a3\xd2\x13E\n\x1a\n\x0532.14\x12\x080.368757\x18\x02 \xa2\xb6\xff\x93\x9a3\x12'spot@public.aggre.deals.v3.api.pb@100ms"
b"\n/spot@public.aggre.deals.v3.api.pb@100ms@ZENUSDT\x1a\x07ZENUSDT0\xcd\xb7\xff\x93\x9a3\xd2\x13\xb9\x01\n\x16\n\x059.333\x12\x042.93\x18\x01 \xec\xb6\xff\x93\x9a3\n\x16\n\x059.338\x12\x040.45\x18\x01 \xec\xb6\xff\x93\x9a3\n\x16\n\x059.333\x12\x040.56\x18\x01 \xec\xb6\xff\x93\x9a3\n\x16\n\x059.338\x12\x042.29\x18\x02 \xec\xb6\xff\x93\x9a3\n\x16\n\x059.333\x12\x042.61\x18\x02 \xed\xb6\xff\x93\x9a3\n\x16\n\x059.333\x12\x042.49\x18\x02 \xee\xb6\xff\x93\x9a3\x12'spot@public.aggre.deals.v3.api.pb@100ms"
b"\n/spot@public.aggre.deals.v3.api.pb@100ms@WLDUSDT\x1a\x07WLDUSDT0\xab\xbf\xff\x93\x9a3\xd2\x13B\n\x17\n\x051.313\x12\x0536.11\x18\x02 \x82\xbf\xff\x93\x9a3\x12'spot@public.aggre.deals.v3.api.pb@100ms"
b"\n1spot@public.aggre.deals.v3.api.pb@100ms@EIGENUSDT\x1a\tEIGENUSDT0\xb0\xc0\xff\x93\x9a3\xd2\x13\x90\x01\n\x17\n\x061.5417\x12\x049.68\x18\x01 \xa3\xc0\xff\x93\x9a3\n\x18\n\x061.5415\x12\x0546.53\x18\x02 \xa3\xc0\xff\x93\x9a3\n\x18\n\x061.5417\x12\x0523.66\x18\x02 \xa3\xc0\xff\x93\x9a3\n\x18\n\x061.5417\x12\x0535.09\x18\x01 \xa4\xc0\xff\x93\x9a3\x12'spot@public.aggre.deals.v3.api.pb@100ms"
b"\n0spot@public.aggre.deals.v3.api.pb@100ms@DASHUSDT\x1a\x08DASHUSDT0\x98\xc3\xff\x93\x9a3\xd2\x13E\n\x1a\n\x0532.11\x12\x080.046265\x18\x02 \xfa\xc2\xff\x93\x9a3\x12'spot@public.aggre.deals.v3.api.pb@100ms"
b"\n1spot@public.aggre.deals.v3.api.pb@100ms@EIGENUSDT\x1a\tEIGENUSDT0\x99\xc8\xff\x93\x9a3\xd2\x13t\n\x17\n\x061.5416\x12\x042.92\x18\x01 \x8c\xc8\xff\x93\x9a3\n\x17\n\x061.5418\x12\x047.95\x18\x02 \x8c\xc8\xff\x93\x9a3\n\x17\n\x061.5414\x12\x043.07\x18\x01 \x8d\xc8\xff\x93\x9a3\x12'spot@public.aggre.deals.v3.api.pb@100ms"
b"\n0spot@public.aggre.deals.v3.api.pb@100ms@DASHUSDT\x1a\x08DASHUSDT0\x9d\xca\xff\x93\x9a3\xd2\x13y\n\x19\n\x0432.1\x12\x080.180477\x18\x02 \xe7\xc9\xff\x93\x9a3\n\x19\n\x0432.1\x12\x080.274507\x18\x02 \xe8\xc9\xff\x93\x9a3\n\x18\n\x0432.1\x12\x070.19683\x18\x02 \xe8\xc9\xff\x93\x9a3\x12'spot@public.aggre.deals.v3.api.pb@100ms"
b"\n/spot@public.aggre.deals.v3.api.pb@100ms@ZENUSDT\x1a\x07ZENUSDT0\x85\xcf\xff\x93\x9a3\xd2\x13\xa2\x01\n\x16\n\x059.338\x12\x046.12\x18\x02 \xa3\xce\xff\x93\x9a3\n\x17\n\x059.338\x12\x0510.83\x18\x01 \xa3\xce\xff\x93\x9a3\n\x16\n\x059.341\x12\x042.16\x18\x02 \xa3\xce\xff\x93\x9a3\n\x16\n\x059.338\x12\x047.52\x18\x02 \xa4\xce\xff\x93\x9a3\n\x16\n\x059.338\x12\x045.48\x18\x02 \xa5\xce\xff\x93\x9a3\x12'spot@public.aggre.deals.v3.api.pb@100ms"
b"\n/spot@public.aggre.deals.v3.api.pb@100ms@WLDUSDT\x1a\x07WLDUSDT0\xef\xd2\xff\x93\x9a3\xd2\x13A\n\x16\n\x051.314\x12\x046.61\x18\x02 \xc6\xd2\xff\x93\x9a3\x12'spot@public.aggre.deals.v3.api.pb@100ms"
b"\n/spot@public.aggre.deals.v3.api.pb@100ms@ZENUSDT\x1a\x07ZENUSDT0\xed\xd6\xff\x93\x9a3\xd2\x13t\n\x17\n\x059.336\x12\x0514.54\x18\x02 \xb0\xd6\xff\x93\x9a3\n\x17\n\x059.333\x12\x0536.16\x18\x02 \xb0\xd6\xff\x93\x9a3\n\x17\n\x059.332\x12\x0515.14\x18\x02 \xb0\xd6\xff\x93\x9a3\x12'spot@public.aggre.deals.v3.api.pb@100ms"
b"\n/spot@public.aggre.deals.v3.api.pb@100ms@ZENUSDT\x1a\x07ZENUSDT0\xd1\xd7\xff\x93\x9a3\xd2\x13B\n\x17\n\x059.332\x12\x0514.54\x18\x01 \xb4\xd7\xff\x93\x9a3\x12'spot@public.aggre.deals.v3.api.pb@100ms"
b"\n/spot@public.aggre.deals.v3.api.pb@100ms@ZENUSDT\x1a\x07ZENUSDT0\xb6\xd8\xff\x93\x9a3\xd2\x13B\n\x17\n\x059.332\x12\x0514.54\x18\x01 \x98\xd8\xff\x93\x9a3\x12'spot@public.aggre.deals.v3.api.pb@100ms"
{"id":0,"code":0,"msg":"PONG"}
b"\n/spot@public.aggre.deals.v3.api.pb@100ms@ZENUSDT\x1a\x07ZENUSDT0\xfd\xd9\xff\x93\x9a3\xd2\x13B\n\x17\n\x059.332\x12\x0514.54\x18\x01 \xe0\xd9\xff\x93\x9a3\x12'spot@public.aggre.deals.v3.api.pb@100ms"
b"\n/spot@public.aggre.deals.v3.api.pb@100ms@WLDUSDT\x1a\x07WLDUSDT0\xd7\xda\xff\x93\x9a3\xd2\x13Z\n\x16\n\x051.313\x12\x044.71\x18\x01 \xae\xda\xff\x93\x9a3\n\x17\n\x051.313\x12\x0598.54\x18\x01 \xb0\xda\xff\x93\x9a3\x12'spot@public.aggre.deals.v3.api.pb@100ms"
b"\n0spot@public.aggre.deals.v3.api.pb@100ms@MIRAUSDT\x1a\x08MIRAUSDT0\x8c\xdc\xff\x93\x9a3\xd2\x13C\n\x18\n\x060.6579\x12\x0568.39\x18\x01 \xd6\xdb\xff\x93\x9a3\x12'spot@public.aggre.deals.v3.api.pb@100ms"
b"\n/spot@public.aggre.deals.v3.api.pb@100ms@ZENUSDT\x1a\x07ZENUSDT0\xa9\xdc\xff\x93\x9a3\xd2\x13B\n\x17\n\x059.332\x12\x0514.54\x18\x01 \x8c\xdc\xff\x93\x9a3\x12'spot@public.aggre.deals.v3.api.pb@100ms"
b"\n0spot@public.aggre.deals.v3.api.pb@100ms@MIRAUSDT\x1a\x08MIRAUSDT0\xef\xdc\xff\x93\x9a3\xd2\x13B\n\x17\n\x060.6581\x12\x049.29\x18\x02 \xb6\xdc\xff\x93\x9a3\x12'spot@public.aggre.deals.v3.api.pb@100ms"
b"\n0spot@public.aggre.deals.v3.api.pb@100ms@BONKUSDT\x1a\x08BONKUSDT0\xe2\xdd\xff\x93\x9a3\xd2\x13\x86\x01\n\x1d\n\n0.00002054\x12\x06898526\x18\x02 \xaf\xdd\xff\x93\x9a3\n\x1d\n\n0.00002054\x12\x06827026\x18\x01 \xaf\xdd\xff\x93\x9a3\n\x1d\n\n0.00002054\x12\x06362280\x18\x02 \xb0\xdd\xff\x93\x9a3\x12'spot@public.aggre.deals.v3.api.pb@100ms"
b"\n/spot@public.aggre.deals.v3.api.pb@100ms@ZENUSDT\x1a\x07ZENUSDT0\xd5\xde\xff\x93\x9a3\xd2\x13B\n\x17\n\x059.332\x12\x0514.54\x18\x01 \xb7\xde\xff\x93\x9a3\x12'spot@public.aggre.deals.v3.api.pb@100ms"
b"\n0spot@public.aggre.deals.v3.api.pb@100ms@MIRAUSDT\x1a\x08MIRAUSDT0\x9c\xdf\xff\x93\x9a3\xd2\x13B\n\x17\n\x060.6581\x12\x049.29\x18\x02 \xb7\xde\xff\x93\x9a3\x12'spot@public.aggre.deals.v3.api.pb@100ms"
b"\n0spot@public.aggre.deals.v3.api.pb@100ms@MIRAUSDT\x1a\x08MIRAUSDT0\xe4\xe0\xff\x93\x9a3\xd2\x13?\n\x14\n\x050.658\x12\x0215\x18\x02 \xbd\xe0\xff\x93\x9a3\x12'spot@public.aggre.deals.v3.api.pb@100ms"
b"\n/spot@public.aggre.deals.v3.api.pb@100ms@ZENUSDT\x1a\x07ZENUSDT0\x81\xe1\xff\x93\x9a3\xd2\x13B\n\x17\n\x059.332\x12\x0514.54\x18\x01 \xe3\xe0\xff\x93\x9a3\x12'spot@public.aggre.deals.v3.api.pb@100ms"
b"\n/spot@public.aggre.deals.v3.api.pb@100ms@ZENUSDT\x1a\x07ZENUSDT0\xc9\xe2\xff\x93\x9a3\xd2\x13B\n\x17\n\x059.332\x12\x0514.54\x18\x01 \xaa\xe2\xff\x93\x9a3\x12'spot@public.aggre.deals.v3.api.pb@100ms"
b"\n/spot@public.aggre.deals.v3.api.pb@100ms@ZENUSDT\x1a\x07ZENUSDT0\x91\xe4\xff\x93\x9a3\xd2\x13t\n\x17\n\x059.332\x12\x0514.54\x18\x01 \xaf\xe3\xff\x93\x9a3\n\x17\n\x059.332\x12\x0514.69\x18\x01 \xf2\xe3\xff\x93\x9a3\n\x17\n\x059.332\x12\x0514.54\x18\x01 \xf3\xe3\xff\x93\x9a3\x12'spot@public.aggre.deals.v3.api.pb@100ms"
b"\n/spot@public.aggre.deals.v3.api.pb@100ms@ZENUSDT\x1a\x07ZENUSDT0\xf5\xe4\xff\x93\x9a3\xd2\x13B\n\x17\n\x059.332\x12\x0514.69\x18\x01 \xd7\xe4\xff\x93\x9a3\x12'spot@public.aggre.deals.v3.api.pb@100ms"
b"\n/spot@public.aggre.deals.v3.api.pb@100ms@ZENUSDT\x1a\x07ZENUSDT0\xbd\xe6\xff\x93\x9a3\xd2\x13Z\n\x17\n\x059.332\x12\x0514.69\x18\x01 \x9e\xe6\xff\x93\x9a3\n\x16\n\x059.332\x12\x049.67\x18\x01 \x9f\xe6\xff\x93\x9a3\x12'spot@public.aggre.deals.v3.api.pb@100ms"
b"\n0spot@public.aggre.deals.v3.api.pb@100ms@MIRAUSDT\x1a\x08MIRAUSDT0\x83\xe7\xff\x93\x9a3\xd2\x13?\n\x14\n\x050.658\x12\x0215\x18\x02 \xa8\xe6\xff\x93\x9a3\x12'spot@public.aggre.deals.v3.api.pb@100ms"
b"\n0spot@public.aggre.deals.v3.api.pb@100ms@STRKUSDT\x1a\x08STRKUSDT0\xe1\xea\xff\x93\x9a3\xd2\x13y\n\x18\n\x060.1558\x12\x0519.33\x18\x01 \x8a\xea\xff\x93\x9a3\n\x19\n\x060.1558\x12\x06216.95\x18\x01 \x8b\xea\xff\x93\x9a3\n\x19\n\x060.1558\x12\x06530.82\x18\x01 \x8c\xea\xff\x93\x9a3\x12'spot@public.aggre.deals.v3.api.pb@100ms"
b"\n0spot@public.aggre.deals.v3.api.pb@100ms@MIRAUSDT\x1a\x08MIRAUSDT0\xc0\xec\xff\x93\x9a3\xd2\x13C\n\x18\n\x060.6581\x12\x0512.89\x18\x02 \x8c\xec\xff\x93\x9a3\x12'spot@public.aggre.deals.v3.api.pb@100ms"
b"\n0spot@public.aggre.deals.v3.api.pb@100ms@DASHUSDT\x1a\x08DASHUSDT0\xb1\xed\xff\x93\x9a3\xd2\x13}\n\x1a\n\x0532.09\x12\x080.182077\x18\x02 \xfb\xec\xff\x93\x9a3\n\x1a\n\x0532.09\x12\x080.186211\x18\x02 \xfc\xec\xff\x93\x9a3\n\x1a\n\x0532.09\x12\x080.231681\x18\x02 \xfc\xec\xff\x93\x9a3\x12'spot@public.aggre.deals.v3.api.pb@100ms"
b"\n/spot@public.aggre.deals.v3.api.pb@100ms@WLDUSDT\x1a\x07WLDUSDT0\x9b\xee\xff\x93\x9a3\xd2\x13A\n\x16\n\x051.314\x12\x044.41\x18\x02 \xf1\xed\xff\x93\x9a3\x12'spot@public.aggre.deals.v3.api.pb@100ms"
b"\n0spot@public.aggre.deals.v3.api.pb@100ms@DASHUSDT\x1a\x08DASHUSDT0\xa4\xf1\xff\x93\x9a3\xd2\x13\xd0\x01\n\x1a\n\x0532.07\x12\x080.241813\x18\x01 \xee\xf0\xff\x93\x9a3\n\x1a\n\x0532.07\x12\x080.085818\x18\x01 \xee\xf0\xff\x93\x9a3\n\x19\n\x0532.07\x12\x070.57532\x18\x02 \xee\xf0\xff\x93\x9a3\n\x1a\n\x0532.08\x12\x080.360154\x18\x01 \xee\xf0\xff\x93\x9a3\n\x1a\n\x0532.08\x12\x080.300984\x18\x02 \xee\xf0\xff\x93\x9a3\n\x1a\n\x0532.08\x12\x080.381671\x18\x01 \xef\xf0\xff\x93\x9a3\x12'spot@public.aggre.deals.v3.api.pb@100ms"
b"\n0spot@public.aggre.deals.v3.api.pb@100ms@MIRAUSDT\x1a\x08MIRAUSDT0\xc4\xf3\xff\x93\x9a3\xd2\x13\xda\x01\n\x18\n\x060.6582\x12\x0568.36\x18\x01 \xe6\xf2\xff\x93\x9a3\n\x19\n\x060.6587\x12\x06530.96\x18\x01 \xec\xf2\xff\x93\x9a3\n\x19\n\x060.6586\x12\x06150.59\x18\x02 \xfa\xf2\xff\x93\x9a3\n\x1a\n\x060.6585\x12\x071097.97\x18\x01 \x82\xf3\xff\x93\x9a3\n\x15\n\x060.6582\x12\x0234\x18\x02 \x8c\xf3\xff\x93\x9a3\n\x15\n\x060.6582\x12\x0234\x18\x02 \x8f\xf3\xff\x93\x9a3\n\x15\n\x060.6582\x12\x0222\x18\x02 \x9b\xf3\xff\x93\x9a3\x12'spot@public.aggre.deals.v3.api.pb@100ms"
b"\n/spot@public.aggre.deals.v3.api.pb@100ms@WLDUSDT\x1a\x07WLDUSDT0\xf7\xf9\xff\x93\x9a3\xd2\x13A\n\x16\n\x051.313\x12\x042.45\x18\x01 \xce\xf9\xff\x93\x9a3\x12'spot@public.aggre.deals.v3.api.pb@100ms"
b"\n0spot@public.aggre.deals.v3.api.pb@100ms@MIRAUSDT\x1a\x08MIRAUSDT0\x87\x87\x80\x94\x9a3\xd2\x13C\n\x18\n\x060.6586\x12\x0568.32\x18\x01 \xb7\x86\x80\x94\x9a3\x12'spot@public.aggre.deals.v3.api.pb@100ms"
b"\n/spot@public.aggre.deals.v3.api.pb@100ms@XLMUSDT\x1a\x07XLMUSDT0\x9a\x87\x80\x94\x9a3\xd2\x13@\n\x15\n\x060.3984\x12\x0225\x18\x02 \x87\x87\x80\x94\x9a3\x12'spot@public.aggre.deals.v3.api.pb@100ms"
b"\n0spot@public.aggre.deals.v3.api.pb@100ms@MIRAUSDT\x1a\x08MIRAUSDT0\x98\x8a\x80\x94\x9a3\xd2\x13\xd6\x01\n\x16\n\x060.6589\x12\x03505\x18\x01 \xce\x89\x80\x94\x9a3\n\x18\n\x050.659\x12\x06587.82\x18\x01 \xce\x89\x80\x94\x9a3\n\x18\n\x060.6589\x12\x05454.5\x18\x02 \xd2\x89\x80\x94\x9a3\n\x17\n\x060.6588\x12\x0450.5\x18\x02 \xd2\x89\x80\x94\x9a3\n\x16\n\x060.6588\x12\x03505\x18\x02 \xd3\x89\x80\x94\x9a3\n\x16\n\x060.6586\x12\x03505\x18\x02 \xd7\x89\x80\x94\x9a3\n\x16\n\x060.6586\x12\x03505\x18\x02 \xd8\x89\x80\x94\x9a3\x12'spot@public.aggre.deals.v3.api.pb@100ms"
b"\n/spot@public.aggre.deals.v3.api.pb@100ms@NOMUSDT\x1a\x07NOMUSDT0\xc9\x8b\x80\x94\x9a3\xd2\x13b\n\x1a\n\x070.03954\x12\x06505.81\x18\x01 \xa5\x8b\x80\x94\x9a3\n\x1b\n\x070.03954\x12\x071126.17\x18\x01 \xa5\x8b\x80\x94\x9a3\x12'spot@public.aggre.deals.v3.api.pb@100ms"
b"\n/spot@public.aggre.deals.v3.api.pb@100ms@WLDUSDT\x1a\x07WLDUSDT0\xbb\x8d\x80\x94\x9a3\xd2\x13A\n\x16\n\x051.314\x12\x048.28\x18\x02 \x92\x8d\x80\x94\x9a3\x12'spot@public.aggre.deals.v3.api.pb@100ms"
b"\n0spot@public.aggre.deals.v3.api.pb@100ms@STRKUSDT\x1a\x08STRKUSDT0\xe7\x91\x80\x94\x9a3\xd2\x13v\n\x18\n\x060.1558\x12\x0566.97\x18\x01 \x93\x91\x80\x94\x9a3\n\x17\n\x060.1558\x12\x0429.6\x18\x01 \x93\x91\x80\x94\x9a3\n\x18\n\x060.1558\x12\x0552.15\x18\x01 \x95\x91\x80\x94\x9a3\x12'spot@public.aggre.deals.v3.api.pb@100ms"
b"\n0spot@public.aggre.deals.v3.api.pb@100ms@DASHUSDT\x1a\x08DASHUSDT0\xb9\x94\x80\x94\x9a3\xd2\x13E\n\x1a\n\x0532.07\x12\x080.289991\x18\x01 \x81\x94\x80\x94\x9a3\x12'spot@public.aggre.deals.v3.api.pb@100ms"
b"\n/spot@public.aggre.deals.v3.api.pb@100ms@WLDUSDT\x1a\x07WLDUSDT0\xff\xa0\x80\x94\x9a3\xd2\x13A\n\x16\n\x051.313\x12\x043.62\x18\x02 \xd6\xa0\x80\x94\x9a3\x12'spot@public.aggre.deals.v3.api.pb@100ms"
b"\n/spot@public.aggre.deals.v3.api.pb@100ms@XLMUSDT\x1a\x07XLMUSDT0\xb9\xa6\x80\x94\x9a3\xd2\x13B\n\x17\n\x060.3985\x12\x0417.2\x18\x01 \xaa\xa6\x80\x94\x9a3\x12'spot@public.aggre.deals.v3.api.pb@100ms"
b"\n/spot@public.aggre.deals.v3.api.pb@100ms@WLDUSDT\x1a\x07WLDUSDT0\xe7\xa8\x80\x94\x9a3\xd2\x13A\n\x16\n\x051.314\x12\x046.02\x18\x02 \xbe\xa8\x80\x94\x9a3\x12'spot@public.aggre.deals.v3.api.pb@100ms"
b"\n0spot@public.aggre.deals.v3.api.pb@100ms@DASHUSDT\x1a\x08DASHUSDT0\xe4\xaf\x80\x94\x9a3\xd2\x13}\n\x1a\n\x0532.03\x12\x080.873405\x18\x01 \xae\xaf\x80\x94\x9a3\n\x1a\n\x0532.03\x12\x080.412566\x18\x02 \xae\xaf\x80\x94\x9a3\n\x1a\n\x0532.03\x12\x080.562607\x18\x02 \xae\xaf\x80\x94\x9a3\x12'spot@public.aggre.deals.v3.api.pb@100ms"
b"\n0spot@public.aggre.deals.v3.api.pb@100ms@DASHUSDT\x1a\x08DASHUSDT0\xd9\xb3\x80\x94\x9a3\xd2\x13\xd0\x01\n\x1a\n\x0532.05\x12\x080.190884\x18\x02 \xa3\xb3\x80\x94\x9a3\n\x1a\n\x0532.05\x12\x080.198556\x18\x01 \xa3\xb3\x80\x94\x9a3\n\x19\n\x0532.04\x12\x070.56679\x18\x01 \xa4\xb3\x80\x94\x9a3\n\x1a\n\x0532.05\x12\x080.229242\x18\x02 \xa5\xb3\x80\x94\x9a3\n\x1a\n\x0532.04\x12\x080.098825\x18\x01 \xa5\xb3\x80\x94\x9a3\n\x1a\n\x0532.05\x12\x080.674192\x18\x01 \xa5\xb3\x80\x94\x9a3\x12'spot@public.aggre.deals.v3.api.pb@100ms"
b"\n0spot@public.aggre.deals.v3.api.pb@100ms@MIRAUSDT\x1a\x08MIRAUSDT0\x94\xb5\x80\x94\x9a3\xd2\x13B\n\x17\n\x060.6576\x12\x0417.1\x18\x02 \xaf\xb4\x80\x94\x9a3\x12'spot@public.aggre.deals.v3.api.pb@100ms"
b"\n/spot@public.aggre.deals.v3.api.pb@100ms@XLMUSDT\x1a\x07XLMUSDT0\x8a\xb6\x80\x94\x9a3\xd2\x13^\n\x19\n\x060.3983\x12\x06163.71\x18\x01 \xf8\xb5\x80\x94\x9a3\n\x18\n\x060.3983\x12\x0513.91\x18\x01 \xf8\xb5\x80\x94\x9a3\x12'spot@public.aggre.deals.v3.api.pb@100ms"
b"\n0spot@public.aggre.deals.v3.api.pb@100ms@MIRAUSDT\x1a\x08MIRAUSDT0\xa4\xb8\x80\x94\x9a3\xd2\x13A\n\x16\n\x060.6577\x12\x034.3\x18\x01 \x86\xb8\x80\x94\x9a3\x12'spot@public.aggre.deals.v3.api.pb@100ms"
b"\n0spot@public.aggre.deals.v3.api.pb@100ms@DASHUSDT\x1a\x08DASHUSDT0\xc1\xbb\x80\x94\x9a3\xd2\x13\x98\x01\n\x19\n\x0532.03\x12\x070.52093\x18\x01 \x89\xbb\x80\x94\x9a3\n\x1a\n\x0532.04\x12\x080.376386\x18\x02 \x8a\xbb\x80\x94\x9a3\n\x1a\n\x0532.04\x12\x080.117202\x18\x02 \x8b\xbb\x80\x94\x9a3\n\x1a\n\x0532.04\x12\x080.122186\x18\x02 \x8b\xbb\x80\x94\x9a3\x12'spot@public.aggre.deals.v3.api.pb@100ms"
b"\n0spot@public.aggre.deals.v3.api.pb@100ms@DASHUSDT\x1a\x08DASHUSDT0\xd5\xc5\x80\x94\x9a3\xd2\x13>\n\x13\n\x0232\x12\x041.01\x18\x02 \x91\xc5\x80\x94\x9a3\x12'spot@public.aggre.deals.v3.api.pb@100ms"
b"\n/spot@public.aggre.deals.v3.api.pb@100ms@XLMUSDT\x1a\x07XLMUSDT0\xd9\xc5\x80\x94\x9a3\xd2\x13\x90\x01\n\x17\n\x060.3984\x12\x049.29\x18\x01 \xc8\xc5\x80\x94\x9a3\n\x18\n\x060.3984\x12\x0519.61\x18\x02 \xc8\xc5\x80\x94\x9a3\n\x18\n\x060.3984\x12\x0515.56\x18\x01 \xc8\xc5\x80\x94\x9a3\n\x18\n\x060.3984\x12\x0512.53\x18\x02 \xc9\xc5\x80\x94\x9a3\x12'spot@public.aggre.deals.v3.api.pb@100ms"
b"\n0spot@public.aggre.deals.v3.api.pb@100ms@DASHUSDT\x1a\x08DASHUSDT0\x9d\xc7\x80\x94\x9a3\xd2\x13\x80\x01\n\x1b\n\x0532.02\x12\t12.397113\x18\x01 \xe5\xc6\x80\x94\x9a3\n\x1b\n\x0532.02\x12\t35.185183\x18\x01 \xe6\xc6\x80\x94\x9a3\n\x1b\n\x0532.02\x12\t34.412706\x18\x01 \xe7\xc6\x80\x94\x9a3\x12'spot@public.aggre.deals.v3.api.pb@100ms"
b"\n0spot@public.aggre.deals.v3.api.pb@100ms@DASHUSDT\x1a\x08DASHUSDT0\x91\xcb\x80\x94\x9a3\xd2\x13[\n\x17\n\x0232\x12\x081.584136\x18\x02 \xda\xca\x80\x94\x9a3\n\x17\n\x0232\x12\x080.377751\x18\x01 \xda\xca\x80\x94\x9a3\x12'spot@public.aggre.deals.v3.api.pb@100ms"
